<?xml version="1.0" encoding="UTF-8"?>
<testsuite xmlns:xsi="http://www.w3.org/2001/XMLSchema-instance" xsi:noNamespaceSchemaLocation="https://maven.apache.org/surefire/maven-surefire-plugin/xsd/surefire-test-report.xsd" name="Runner.Runner" time="36.782" tests="20" errors="0" skipped="0" failures="0">
  <properties>
[...]
</properties>
  <testcase name="Given user login in an application" classname="Scenario: User is able to add  new employee in employee list" time="0.005"/>
  <testcase name="When user click on create button and fill employee details and click add button" classname="Scenario: User is able to add  new employee in employee list" time="0.001"/>
  <testcase name="Then employee is added in employee list" classname="Scenario: User is able to add  new employee in employee list" time="0"/>
  <testcase name="Scenario: User is able to add  new employee in employee list" classname="Scenario: User is able to add  new employee in employee list" time="0.211"/>
  <testcase name="Given Employee is present in employee list" classname="Scenario: Delete the employee from employee list" time="0"/>
  <testcase name="When User click on Delete button" classname="Scenario: Delete the employee from employee list" time="0"/>
  <testcase name="Then User get deleted from employee list" classname="Scenario: Delete the employee from employee list" time="0"/>
  <testcase name="Scenario: Delete the employee from employee list" classname="Scenario: Delete the employee from employee list" time="0.173"/>
  <testcase name="Given Create Employee is in employee list" classname="Scenario: User is able to edit details of employee" time="0"/>
  <testcase name="When User edit the details of employee" classname="Scenario: User is able to edit details of employee" time="0"/>
  <testcase name="Then Details should be added" classname="Scenario: User is able to edit details of employee" time="0"/>
  <testcase name="Scenario: User is able to edit details of employee" classname="Scenario: User is able to edit details of employee" time="0.247"/>
  <testcase name="Given Valid user_name  and password" classname="Scenario: Test Login service with Valid inputs" time="0"/>
  <testcase name="When user login  with valid inputs" classname="Scenario: Test Login service with Valid inputs" time="0"/>
  <testcase name="Then user logged in an application" classname="Scenario: Test Login service with Valid inputs" time="0"/>
  <testcase name="Scenario: Test Login service with Valid inputs" classname="Scenario: Test Login service with Valid inputs" time="0.168"/>
  <testcase name="Given Employee is in employee list" classname="Scenario: User able to view details of an employee" time="0"/>
  <testcase name="When User double click on employee" classname="Scenario: User able to view details of an employee" time="0"/>
  <testcase name="Then User is able to see the details of employee" classname="Scenario: User able to view details of an employee" time="0.001"/>
  <testcase name="Scenario: User able to view details of an employee" classname="Scenario: User able to view details of an employee" time="0.198"/>
</testsuite>